2023-06-27 20:19:27,266 INFO client.py Запущен клиент с парамертами: адрес сервера: 127.0.0.1, порт: 7777
2023-06-27 20:19:27,267 DEBUG client.py Сформировано presence сообщение для пользователя Guest
2023-06-27 20:19:27,268 DEBUG client.py Вызвана функция create_presence с параметрами (),{}Из модуля __main__Из функции main()
2023-06-27 20:19:27,272 DEBUG client.py Разбор сообщения от сервера: {'response': 200}
2023-06-27 20:19:27,272 DEBUG client.py Вызвана функция process_ans с параметрами ({'response': 200},),{}Из модуля __main__Из функции main()
2023-06-27 20:19:27,273 INFO client.py Принят ответ от сервера 200 : OK
2023-06-27 20:21:07,087 INFO client.py Запущен клиент с парамертами: адрес сервера: 127.0.0.1, порт: 7777
2023-06-27 20:21:07,088 DEBUG client.py Сформировано presence сообщение для пользователя Guest
2023-06-27 20:21:07,089 DEBUG client.py Вызвана функция create_presence с параметрами (),{}Из модуля __main__Из функции main()
2023-06-27 20:21:07,090 DEBUG client.py Разбор сообщения от сервера: {'response': 200}
2023-06-27 20:21:07,090 DEBUG client.py Вызвана функция process_ans с параметрами ({'response': 200},),{}Из модуля __main__Из функции main()
2023-06-27 20:21:07,090 INFO client.py Принят ответ от сервера 200 : OK
2023-06-27 20:21:30,652 INFO client.py Запущен клиент с парамертами: адрес сервера: 127.0.0.1, порт: 7777
2023-06-27 20:21:30,653 DEBUG client.py Сформировано presence сообщение для пользователя Guest
2023-06-27 20:21:30,654 DEBUG client.py Вызвана функция create_presence с параметрами (),{}Из модуля __main__Из функции main()
2023-06-27 20:21:30,659 DEBUG client.py Разбор сообщения от сервера: {'response': 200}
2023-06-27 20:21:30,659 DEBUG client.py Вызвана функция process_ans с параметрами ({'response': 200},),{}Из модуля __main__Из функции main()
2023-06-27 20:21:30,660 INFO client.py Принят ответ от сервера 200 : OK
2023-06-27 20:23:37,044 INFO client.py Запущен клиент с парамертами: адрес сервера: 127.0.0.1, порт: 7777
2023-06-27 20:23:37,046 DEBUG client.py Сформировано presence сообщение для пользователя Guest
2023-06-27 20:23:37,047 DEBUG client.py Вызвана функция create_presence с параметрами (),{}Из модуля __main__Из функции main()
2023-06-27 20:23:37,050 DEBUG client.py Разбор сообщения от сервера: {'response': 200}
2023-06-27 20:23:37,051 DEBUG client.py Вызвана функция process_ans с параметрами ({'response': 200},),{}Из модуля __main__Из функции main()
2023-06-27 20:23:37,051 INFO client.py Принят ответ от сервера 200 : OK
