2023-07-03 20:28:33,462 INFO client.py Запущен клиент с парамертами: адрес сервера: 127.0.0.1, порт: 7777, режим работы: send
2023-07-03 20:28:33,517 INFO client.py Запущен клиент с парамертами: адрес сервера: 127.0.0.1, порт: 7777, режим работы: listen
2023-07-03 20:28:33,517 INFO client.py Запущен клиент с парамертами: адрес сервера: 127.0.0.1, порт: 7777, режим работы: listen
2023-07-03 20:28:33,526 INFO client.py Запущен клиент с парамертами: адрес сервера: 127.0.0.1, порт: 7777, режим работы: send
2023-07-03 20:28:33,964 DEBUG client.py Сформировано presence сообщение для пользователя Guest
2023-07-03 20:28:33,966 DEBUG client.py Вызвана функция create_presence с параметрами (),{}Из модуля __main__Из функции main()
2023-07-03 20:28:34,020 DEBUG client.py Сформировано presence сообщение для пользователя Guest
2023-07-03 20:28:34,020 DEBUG client.py Сформировано presence сообщение для пользователя Guest
2023-07-03 20:28:34,023 DEBUG client.py Вызвана функция create_presence с параметрами (),{}Из модуля __main__Из функции main()
2023-07-03 20:28:34,023 DEBUG client.py Разбор сообщения от сервера: {'response': 200}
2023-07-03 20:28:34,023 DEBUG client.py Вызвана функция create_presence с параметрами (),{}Из модуля __main__Из функции main()
2023-07-03 20:28:34,024 DEBUG client.py Вызвана функция process_ans с параметрами ({'response': 200},),{}Из модуля __main__Из функции main()
2023-07-03 20:28:34,024 INFO client.py Принят ответ от сервера 200 : OK
2023-07-03 20:28:34,027 DEBUG client.py Разбор сообщения от сервера: {'response': 200}
2023-07-03 20:28:34,028 DEBUG client.py Вызвана функция process_ans с параметрами ({'response': 200},),{}Из модуля __main__Из функции main()
2023-07-03 20:28:34,028 DEBUG client.py Сформировано presence сообщение для пользователя Guest
2023-07-03 20:28:34,028 INFO client.py Принят ответ от сервера 200 : OK
2023-07-03 20:28:34,029 DEBUG client.py Разбор сообщения от сервера: {'response': 200}
2023-07-03 20:28:34,031 DEBUG client.py Вызвана функция process_ans с параметрами ({'response': 200},),{}Из модуля __main__Из функции main()
2023-07-03 20:28:34,031 DEBUG client.py Вызвана функция create_presence с параметрами (),{}Из модуля __main__Из функции main()
2023-07-03 20:28:34,533 DEBUG client.py Разбор сообщения от сервера: {'response': 200}
2023-07-03 20:28:34,533 DEBUG client.py Вызвана функция process_ans с параметрами ({'response': 200},),{}Из модуля __main__Из функции main()
2023-07-03 20:28:34,533 INFO client.py Принят ответ от сервера 200 : OK
2023-07-03 20:28:45,008 DEBUG client.py Сформирован словарь сообщения: {'action': 'message', 'time': 1688394525.0089679, 'account_name': 'Guest', 'mess_text': 'Привет'}
2023-07-03 20:28:45,009 DEBUG client.py Вызвана функция create_message с параметрами (<socket.socket fd=660, family=AddressFamily.AF_INET, type=SocketKind.SOCK_STREAM, proto=0, laddr=('127.0.0.1', 1636), raddr=('127.0.0.1', 7777)>,),{}Из модуля __main__Из функции main()
2023-07-03 20:28:45,047 INFO client.py Получено сообщение от пользователя Guest:
Привет
2023-07-03 20:28:45,047 DEBUG client.py Вызвана функция message_from_server с параметрами ({'action': 'message', 'sender': 'Guest', 'time': 1688394525.04577, 'mess_text': 'Привет'},),{}Из модуля __main__Из функции main()
2023-07-03 20:28:45,047 DEBUG client.py Вызвана функция message_from_server с параметрами ({'action': 'message', 'sender': 'Guest', 'time': 1688394525.04577, 'mess_text': 'Привет'},),{}Из модуля __main__Из функции main()
2023-07-03 20:29:01,761 DEBUG client.py Сформирован словарь сообщения: {'action': 'message', 'time': 1688394541.7607675, 'account_name': 'Guest', 'mess_text': 'Как дела?'}
2023-07-03 20:29:01,762 DEBUG client.py Вызвана функция create_message с параметрами (<socket.socket fd=604, family=AddressFamily.AF_INET, type=SocketKind.SOCK_STREAM, proto=0, laddr=('127.0.0.1', 1633), raddr=('127.0.0.1', 7777)>,),{}Из модуля __main__Из функции main()
2023-07-03 20:29:02,066 INFO client.py Получено сообщение от пользователя Guest:
Как дела?
2023-07-03 20:29:02,066 INFO client.py Получено сообщение от пользователя Guest:
Как дела?
2023-07-03 20:29:02,067 DEBUG client.py Вызвана функция message_from_server с параметрами ({'action': 'message', 'sender': 'Guest', 'time': 1688394542.0637116, 'mess_text': 'Как дела?'},),{}Из модуля __main__Из функции main()
2023-07-03 20:29:02,067 DEBUG client.py Вызвана функция message_from_server с параметрами ({'action': 'message', 'sender': 'Guest', 'time': 1688394542.0637116, 'mess_text': 'Как дела?'},),{}Из модуля __main__Из функции main()
2023-07-03 20:30:58,348 INFO client.py Запущен клиент с парамертами: адрес сервера: 127.0.0.1, порт: 7777, режим работы: send
2023-07-03 20:30:58,460 INFO client.py Запущен клиент с парамертами: адрес сервера: 127.0.0.1, порт: 7777, режим работы: send
2023-07-03 20:30:58,460 INFO client.py Запущен клиент с парамертами: адрес сервера: 127.0.0.1, порт: 7777, режим работы: send
2023-07-03 20:30:58,461 DEBUG client.py Сформировано presence сообщение для пользователя Guest
2023-07-03 20:30:58,462 DEBUG client.py Вызвана функция create_presence с параметрами (),{}Из модуля __main__Из функции main()
2023-07-03 20:30:58,464 DEBUG client.py Вызвана функция create_presence с параметрами (),{}Из модуля __main__Из функции main()
2023-07-03 20:30:58,478 INFO client.py Запущен клиент с парамертами: адрес сервера: 127.0.0.1, порт: 7777, режим работы: listen
2023-07-03 20:30:58,480 DEBUG client.py Сформировано presence сообщение для пользователя Guest
2023-07-03 20:30:58,480 DEBUG client.py Разбор сообщения от сервера: {'response': 200}
2023-07-03 20:30:58,481 DEBUG client.py Вызвана функция process_ans с параметрами ({'response': 200},),{}Из модуля __main__Из функции main()
2023-07-03 20:30:58,481 INFO client.py Принят ответ от сервера 200 : OK
2023-07-03 20:30:58,481 DEBUG client.py Вызвана функция create_presence с параметрами (),{}Из модуля __main__Из функции main()
2023-07-03 20:30:58,482 DEBUG client.py Разбор сообщения от сервера: {'response': 200}
2023-07-03 20:30:58,482 DEBUG client.py Вызвана функция process_ans с параметрами ({'response': 200},),{}Из модуля __main__Из функции main()
2023-07-03 20:30:58,482 INFO client.py Принят ответ от сервера 200 : OK
2023-07-03 20:30:58,577 INFO client.py Запущен клиент с парамертами: адрес сервера: 127.0.0.1, порт: 7777, режим работы: listen
2023-07-03 20:30:58,579 DEBUG client.py Сформировано presence сообщение для пользователя Guest
2023-07-03 20:30:58,580 DEBUG client.py Разбор сообщения от сервера: {'response': 200}
2023-07-03 20:30:58,580 DEBUG client.py Вызвана функция process_ans с параметрами ({'response': 200},),{}Из модуля __main__Из функции main()
2023-07-03 20:30:58,580 INFO client.py Принят ответ от сервера 200 : OK
2023-07-03 20:30:58,581 DEBUG client.py Вызвана функция create_presence с параметрами (),{}Из модуля __main__Из функции main()
2023-07-03 20:30:58,581 INFO client.py Запущен клиент с парамертами: адрес сервера: 127.0.0.1, порт: 7777, режим работы: listen
2023-07-03 20:30:58,583 DEBUG client.py Сформировано presence сообщение для пользователя Guest
2023-07-03 20:30:58,583 DEBUG client.py Разбор сообщения от сервера: {'response': 200}
2023-07-03 20:30:58,584 DEBUG client.py Вызвана функция process_ans с параметрами ({'response': 200},),{}Из модуля __main__Из функции main()
2023-07-03 20:30:58,584 INFO client.py Принят ответ от сервера 200 : OK
2023-07-03 20:30:58,584 DEBUG client.py Вызвана функция create_presence с параметрами (),{}Из модуля __main__Из функции main()
2023-07-03 20:30:58,609 INFO client.py Запущен клиент с парамертами: адрес сервера: 127.0.0.1, порт: 7777, режим работы: send
2023-07-03 20:30:58,611 DEBUG client.py Сформировано presence сообщение для пользователя Guest
2023-07-03 20:30:58,612 DEBUG client.py Разбор сообщения от сервера: {'response': 200}
2023-07-03 20:30:58,612 DEBUG client.py Вызвана функция create_presence с параметрами (),{}Из модуля __main__Из функции main()
2023-07-03 20:30:58,612 DEBUG client.py Вызвана функция process_ans с параметрами ({'response': 200},),{}Из модуля __main__Из функции main()
2023-07-03 20:30:58,612 INFO client.py Принят ответ от сервера 200 : OK
2023-07-03 20:30:58,619 INFO client.py Запущен клиент с парамертами: адрес сервера: 127.0.0.1, порт: 7777, режим работы: listen
2023-07-03 20:30:58,619 INFO client.py Запущен клиент с парамертами: адрес сервера: 127.0.0.1, порт: 7777, режим работы: send
2023-07-03 20:30:58,621 DEBUG client.py Сформировано presence сообщение для пользователя Guest
2023-07-03 20:30:58,621 DEBUG client.py Сформировано presence сообщение для пользователя Guest
2023-07-03 20:30:58,622 DEBUG client.py Разбор сообщения от сервера: {'response': 200}
2023-07-03 20:30:58,622 DEBUG client.py Вызвана функция create_presence с параметрами (),{}Из модуля __main__Из функции main()
2023-07-03 20:30:58,623 DEBUG client.py Вызвана функция process_ans с параметрами ({'response': 200},),{}Из модуля __main__Из функции main()
2023-07-03 20:30:58,623 INFO client.py Принят ответ от сервера 200 : OK
2023-07-03 20:30:58,623 DEBUG client.py Разбор сообщения от сервера: {'response': 200}
2023-07-03 20:30:58,624 DEBUG client.py Вызвана функция create_presence с параметрами (),{}Из модуля __main__Из функции main()
2023-07-03 20:30:58,624 DEBUG client.py Вызвана функция process_ans с параметрами ({'response': 200},),{}Из модуля __main__Из функции main()
2023-07-03 20:30:58,624 INFO client.py Принят ответ от сервера 200 : OK
2023-07-03 20:30:58,655 INFO client.py Запущен клиент с парамертами: адрес сервера: 127.0.0.1, порт: 7777, режим работы: listen
2023-07-03 20:30:58,657 DEBUG client.py Сформировано presence сообщение для пользователя Guest
2023-07-03 20:30:58,658 DEBUG client.py Разбор сообщения от сервера: {'response': 200}
2023-07-03 20:30:58,658 DEBUG client.py Вызвана функция process_ans с параметрами ({'response': 200},),{}Из модуля __main__Из функции main()
2023-07-03 20:30:58,658 INFO client.py Принят ответ от сервера 200 : OK
2023-07-03 20:30:58,850 DEBUG client.py Сформировано presence сообщение для пользователя Guest
2023-07-03 20:30:58,851 DEBUG client.py Вызвана функция create_presence с параметрами (),{}Из модуля __main__Из функции main()
2023-07-03 20:30:58,851 DEBUG client.py Разбор сообщения от сервера: {'response': 200}
2023-07-03 20:30:58,852 DEBUG client.py Вызвана функция process_ans с параметрами ({'response': 200},),{}Из модуля __main__Из функции main()
2023-07-03 20:30:58,853 INFO client.py Принят ответ от сервера 200 : OK
2023-07-03 20:30:59,351 DEBUG client.py Разбор сообщения от сервера: {'response': 200}
2023-07-03 20:30:59,353 DEBUG client.py Вызвана функция process_ans с параметрами ({'response': 200},),{}Из модуля __main__Из функции main()
2023-07-03 20:30:59,353 INFO client.py Принят ответ от сервера 200 : OK
2023-07-03 20:31:27,626 DEBUG client.py Сформирован словарь сообщения: {'action': 'message', 'time': 1688394687.6266074, 'account_name': 'Guest', 'mess_text': 'Второй вариант'}
2023-07-03 20:31:27,627 DEBUG client.py Вызвана функция create_message с параметрами (<socket.socket fd=656, family=AddressFamily.AF_INET, type=SocketKind.SOCK_STREAM, proto=0, laddr=('127.0.0.1', 1665), raddr=('127.0.0.1', 7777)>,),{}Из модуля __main__Из функции main()
2023-07-03 20:31:27,890 INFO client.py Получено сообщение от пользователя Guest:
Второй вариант
2023-07-03 20:31:27,891 DEBUG client.py Вызвана функция message_from_server с параметрами ({'action': 'message', 'sender': 'Guest', 'time': 1688394687.8878045, 'mess_text': 'Второй вариант'},),{}Из модуля __main__Из функции main()
2023-07-03 20:31:27,899 INFO client.py Получено сообщение от пользователя Guest:
Второй вариант
2023-07-03 20:31:27,899 DEBUG client.py Вызвана функция message_from_server с параметрами ({'action': 'message', 'sender': 'Guest', 'time': 1688394687.8878045, 'mess_text': 'Второй вариант'},),{}Из модуля __main__Из функции main()
2023-07-03 20:31:27,904 INFO client.py Получено сообщение от пользователя Guest:
Второй вариант
2023-07-03 20:31:27,905 INFO client.py Получено сообщение от пользователя Guest:
Второй вариант
2023-07-03 20:31:27,905 DEBUG client.py Вызвана функция message_from_server с параметрами ({'action': 'message', 'sender': 'Guest', 'time': 1688394687.8878045, 'mess_text': 'Второй вариант'},),{}Из модуля __main__Из функции main()
2023-07-03 20:31:27,905 DEBUG client.py Вызвана функция message_from_server с параметрами ({'action': 'message', 'sender': 'Guest', 'time': 1688394687.8878045, 'mess_text': 'Второй вариант'},),{}Из модуля __main__Из функции main()
2023-07-03 20:31:27,905 INFO client.py Получено сообщение от пользователя Guest:
Второй вариант
2023-07-03 20:31:27,906 DEBUG client.py Вызвана функция message_from_server с параметрами ({'action': 'message', 'sender': 'Guest', 'time': 1688394687.8878045, 'mess_text': 'Второй вариант'},),{}Из модуля __main__Из функции main()
2023-07-03 20:31:36,036 DEBUG client.py Сформирован словарь сообщения: {'action': 'message', 'time': 1688394696.03672, 'account_name': 'Guest', 'mess_text': 'И третий'}
2023-07-03 20:31:36,037 DEBUG client.py Вызвана функция create_message с параметрами (<socket.socket fd=556, family=AddressFamily.AF_INET, type=SocketKind.SOCK_STREAM, proto=0, laddr=('127.0.0.1', 1666), raddr=('127.0.0.1', 7777)>,),{}Из модуля __main__Из функции main()
2023-07-03 20:31:36,406 INFO client.py Получено сообщение от пользователя Guest:
И третий
2023-07-03 20:31:36,407 INFO client.py Получено сообщение от пользователя Guest:
И третий
2023-07-03 20:31:36,407 INFO client.py Получено сообщение от пользователя Guest:
И третий
2023-07-03 20:31:36,407 DEBUG client.py Вызвана функция message_from_server с параметрами ({'action': 'message', 'sender': 'Guest', 'time': 1688394696.4008663, 'mess_text': 'И третий'},),{}Из модуля __main__Из функции main()
2023-07-03 20:31:36,408 DEBUG client.py Вызвана функция message_from_server с параметрами ({'action': 'message', 'sender': 'Guest', 'time': 1688394696.4008663, 'mess_text': 'И третий'},),{}Из модуля __main__Из функции main()
2023-07-03 20:31:36,408 DEBUG client.py Вызвана функция message_from_server с параметрами ({'action': 'message', 'sender': 'Guest', 'time': 1688394696.4008663, 'mess_text': 'И третий'},),{}Из модуля __main__Из функции main()
2023-07-03 20:31:36,409 INFO client.py Получено сообщение от пользователя Guest:
И третий
2023-07-03 20:31:36,409 INFO client.py Получено сообщение от пользователя Guest:
И третий
2023-07-03 20:31:36,410 DEBUG client.py Вызвана функция message_from_server с параметрами ({'action': 'message', 'sender': 'Guest', 'time': 1688394696.4008663, 'mess_text': 'И третий'},),{}Из модуля __main__Из функции main()
2023-07-03 20:31:36,410 DEBUG client.py Вызвана функция message_from_server с параметрами ({'action': 'message', 'sender': 'Guest', 'time': 1688394696.4008663, 'mess_text': 'И третий'},),{}Из модуля __main__Из функции main()
